# JRE version: OpenJDK Runtime Environment (11.0.7+10) (build 11.0.7+10-post-Ubuntu-2ubuntu218.04)
# Java VM: OpenJDK 64-Bit Server VM (11.0.7+10-post-Ubuntu-2ubuntu218.04, mixed mode, sharing, tiered, compressed oops, g1 gc, linux-amd64)
Heap:
 garbage-first heap   total 129024K, used 40612K [0x0000000085400000, 0x0000000100000000)
  region size 1024K, 40 young (40960K), 3 survivors (3072K)
 Metaspace       used 10779K, capacity 11307K, committed 11648K, reserved 1058816K
  class space    used 1140K, capacity 1396K, committed 1408K, reserved 1048576K
GC Heap History (20 events):
Event: 1.255 GC heap before
{Heap before GC invocations=0 (full 0):
 garbage-first heap   total 129024K, used 15044K [0x0000000085400000, 0x0000000100000000)
  region size 1024K, 14 young (14336K), 0 survivors (0K)
 Metaspace       used 8969K, capacity 9498K, committed 9728K, reserved 1058816K
  class space    used 1007K, capacity 1264K, committed 1280K, reserved 1048576K
}
Event: 1.267 GC heap after
{Heap after GC invocations=1 (full 0):
 garbage-first heap   total 129024K, used 3178K [0x0000000085400000, 0x0000000100000000)
  region size 1024K, 2 young (2048K), 2 survivors (2048K)
 Metaspace       used 8969K, capacity 9498K, committed 9728K, reserved 1058816K
  class space    used 1007K, capacity 1264K, committed 1280K, reserved 1048576K
}
Event: 5.787 GC heap before
{Heap before GC invocations=1 (full 0):
 garbage-first heap   total 129024K, used 76906K [0x0000000085400000, 0x0000000100000000)
  region size 1024K, 74 young (75776K), 2 survivors (2048K)
 Metaspace       used 9997K, capacity 10559K, committed 10880K, reserved 1058816K
  class space    used 1044K, capacity 1296K, committed 1408K, reserved 1048576K
}
Event: 5.806 GC heap after
{Heap after GC invocations=2 (full 0):
 garbage-first heap   total 129024K, used 3474K [0x0000000085400000, 0x0000000100000000)
  region size 1024K, 3 young (3072K), 3 survivors (3072K)
 Metaspace       used 9997K, capacity 10559K, committed 10880K, reserved 1058816K
  class space    used 1044K, capacity 1296K, committed 1408K, reserved 1048576K
}
Event: 9.816 GC heap before
{Heap before GC invocations=2 (full 0):
 garbage-first heap   total 129024K, used 76178K [0x0000000085400000, 0x0000000100000000)
  region size 1024K, 74 young (75776K), 3 survivors (3072K)
 Metaspace       used 10631K, capacity 11179K, committed 11392K, reserved 1058816K
  class space    used 1135K, capacity 1396K, committed 1408K, reserved 1048576K
}
Event: 9.827 GC heap after
{Heap after GC invocations=3 (full 0):
 garbage-first heap   total 129024K, used 3605K [0x0000000085400000, 0x0000000100000000)
  region size 1024K, 3 young (3072K), 3 survivors (3072K)
 Metaspace       used 10631K, capacity 11179K, committed 11392K, reserved 1058816K
  class space    used 1135K, capacity 1396K, committed 1408K, reserved 1048576K
}
Event: 13.754 GC heap before
{Heap before GC invocations=3 (full 0):
 garbage-first heap   total 129024K, used 76309K [0x0000000085400000, 0x0000000100000000)
  region size 1024K, 74 young (75776K), 3 survivors (3072K)
 Metaspace       used 10645K, capacity 11179K, committed 11392K, reserved 1058816K
  class space    used 1135K, capacity 1396K, committed 1408K, reserved 1048576K
}
Event: 13.769 GC heap after
{Heap after GC invocations=4 (full 0):
 garbage-first heap   total 129024K, used 3628K [0x0000000085400000, 0x0000000100000000)
  region size 1024K, 3 young (3072K), 3 survivors (3072K)
 Metaspace       used 10645K, capacity 11179K, committed 11392K, reserved 1058816K
  class space    used 1135K, capacity 1396K, committed 1408K, reserved 1048576K
}
Event: 17.217 GC heap before
{Heap before GC invocations=4 (full 0):
 garbage-first heap   total 129024K, used 76332K [0x0000000085400000, 0x0000000100000000)
  region size 1024K, 74 young (75776K), 3 survivors (3072K)
 Metaspace       used 10645K, capacity 11179K, committed 11392K, reserved 1058816K
  class space    used 1135K, capacity 1396K, committed 1408K, reserved 1048576K
}
Event: 17.228 GC heap after
{Heap after GC invocations=5 (full 0):
 garbage-first heap   total 129024K, used 3632K [0x0000000085400000, 0x0000000100000000)
  region size 1024K, 3 young (3072K), 3 survivors (3072K)
 Metaspace       used 10645K, capacity 11179K, committed 11392K, reserved 1058816K
  class space    used 1135K, capacity 1396K, committed 1408K, reserved 1048576K
}
Event: 20.519 GC heap before
{Heap before GC invocations=5 (full 0):
 garbage-first heap   total 129024K, used 76336K [0x0000000085400000, 0x0000000100000000)
  region size 1024K, 74 young (75776K), 3 survivors (3072K)
 Metaspace       used 10645K, capacity 11179K, committed 11392K, reserved 1058816K
  class space    used 1135K, capacity 1396K, committed 1408K, reserved 1048576K
}
Event: 20.530 GC heap after
{Heap after GC invocations=6 (full 0):
 garbage-first heap   total 129024K, used 3634K [0x0000000085400000, 0x0000000100000000)
  region size 1024K, 3 young (3072K), 3 survivors (3072K)
 Metaspace       used 10645K, capacity 11179K, committed 11392K, reserved 1058816K
  class space    used 1135K, capacity 1396K, committed 1408K, reserved 1048576K
}
Event: 23.770 GC heap before
{Heap before GC invocations=6 (full 0):
 garbage-first heap   total 129024K, used 76338K [0x0000000085400000, 0x0000000100000000)
  region size 1024K, 74 young (75776K), 3 survivors (3072K)
 Metaspace       used 10645K, capacity 11179K, committed 11392K, reserved 1058816K
  class space    used 1135K, capacity 1396K, committed 1408K, reserved 1048576K
}
Event: 23.784 GC heap after
{Heap after GC invocations=7 (full 0):
 garbage-first heap   total 129024K, used 3634K [0x0000000085400000, 0x0000000100000000)
  region size 1024K, 3 young (3072K), 3 survivors (3072K)
 Metaspace       used 10645K, capacity 11179K, committed 11392K, reserved 1058816K
  class space    used 1135K, capacity 1396K, committed 1408K, reserved 1048576K
}
Event: 27.054 GC heap before
{Heap before GC invocations=7 (full 0):
 garbage-first heap   total 129024K, used 76338K [0x0000000085400000, 0x0000000100000000)
  region size 1024K, 74 young (75776K), 3 survivors (3072K)
 Metaspace       used 10645K, capacity 11179K, committed 11392K, reserved 1058816K
  class space    used 1135K, capacity 1396K, committed 1408K, reserved 1048576K
}
Event: 27.068 GC heap after
{Heap after GC invocations=8 (full 0):
 garbage-first heap   total 129024K, used 3520K [0x0000000085400000, 0x0000000100000000)
  region size 1024K, 3 young (3072K), 3 survivors (3072K)
 Metaspace       used 10645K, capacity 11179K, committed 11392K, reserved 1058816K
  class space    used 1135K, capacity 1396K, committed 1408K, reserved 1048576K
}
Event: 30.328 GC heap before
{Heap before GC invocations=8 (full 0):
 garbage-first heap   total 129024K, used 76224K [0x0000000085400000, 0x0000000100000000)
  region size 1024K, 74 young (75776K), 3 survivors (3072K)
 Metaspace       used 10645K, capacity 11179K, committed 11392K, reserved 1058816K
  class space    used 1135K, capacity 1396K, committed 1408K, reserved 1048576K
}
Event: 30.342 GC heap after
{Heap after GC invocations=9 (full 0):
 garbage-first heap   total 129024K, used 3634K [0x0000000085400000, 0x0000000100000000)
  region size 1024K, 3 young (3072K), 3 survivors (3072K)
 Metaspace       used 10645K, capacity 11179K, committed 11392K, reserved 1058816K
  class space    used 1135K, capacity 1396K, committed 1408K, reserved 1048576K
}
Event: 33.668 GC heap before
{Heap before GC invocations=9 (full 0):
 garbage-first heap   total 129024K, used 76338K [0x0000000085400000, 0x0000000100000000)
  region size 1024K, 74 young (75776K), 3 survivors (3072K)
 Metaspace       used 10767K, capacity 11307K, committed 11648K, reserved 1058816K
  class space    used 1139K, capacity 1396K, committed 1408K, reserved 1048576K
}
Event: 33.684 GC heap after
{Heap after GC invocations=10 (full 0):
 garbage-first heap   total 129024K, used 3748K [0x0000000085400000, 0x0000000100000000)
  region size 1024K, 3 young (3072K), 3 survivors (3072K)
 Metaspace       used 10767K, capacity 11307K, committed 11648K, reserved 1058816K
  class space    used 1139K, capacity 1396K, committed 1408K, reserved 1048576K
}

